@!@!@STARTMSG 2262:0 @!@!@
TLC2 Version 2.08 of 21 December 2015
@!@!@ENDMSG 2262 @!@!@
@!@!@STARTMSG 2187:0 @!@!@
Running in Model-Checking mode.
@!@!@ENDMSG 2187 @!@!@
@!@!@STARTMSG 2220:0 @!@!@
Starting SANY...
@!@!@ENDMSG 2220 @!@!@
Parsing file MC.tla
Parsing file AsynchInterface.tla
Parsing file C:\Tool\Common\tla\plugins\org.lamport.tlatools_1.0.0.201512230951\tla2sany\StandardModules\TLC.tla
Parsing file C:\Tool\Common\tla\plugins\org.lamport.tlatools_1.0.0.201512230951\tla2sany\StandardModules\Naturals.tla
Parsing file C:\Tool\Common\tla\plugins\org.lamport.tlatools_1.0.0.201512230951\tla2sany\StandardModules\Sequences.tla
Semantic processing of module Naturals
Semantic processing of module AsynchInterface
Semantic processing of module Sequences
Semantic processing of module TLC
Semantic processing of module MC
@!@!@STARTMSG 2219:0 @!@!@
SANY finished.
@!@!@ENDMSG 2219 @!@!@
@!@!@STARTMSG 2185:0 @!@!@
Starting... (2016-05-12 10:18:00)
@!@!@ENDMSG 2185 @!@!@
@!@!@STARTMSG 2189:0 @!@!@
Computing initial states...
@!@!@ENDMSG 2189 @!@!@
@!@!@STARTMSG 2108:1 @!@!@
Property line 20, col 17 to line 20, col 27 of module MC is violated by the initial state:
/\ val = d1
/\ rdy = 1
/\ ack = 1

@!@!@ENDMSG 2108 @!@!@
@!@!@STARTMSG 2108:1 @!@!@
Property line 20, col 17 to line 20, col 27 of module MC is violated by the initial state:
/\ val = d2
/\ rdy = 1
/\ ack = 1

@!@!@ENDMSG 2108 @!@!@
@!@!@STARTMSG 2108:1 @!@!@
Property line 20, col 17 to line 20, col 27 of module MC is violated by the initial state:
/\ val = d3
/\ rdy = 1
/\ ack = 1

@!@!@ENDMSG 2108 @!@!@
@!@!@STARTMSG 2186:0 @!@!@
Finished in 00s at (2016-05-12 10:18:01)
@!@!@ENDMSG 2186 @!@!@
